2023-09-10T04:07:53: PM2 log: ===============================================================================
2023-09-10T04:07:53: PM2 log: --- New PM2 Daemon started ----------------------------------------------------
2023-09-10T04:07:53: PM2 log: Time                 : Sun Sep 10 2023 04:07:53 GMT+0530 (India Standard Time)
2023-09-10T04:07:53: PM2 log: PM2 version          : 5.3.0
2023-09-10T04:07:53: PM2 log: Node.js version      : 18.15.0
2023-09-10T04:07:53: PM2 log: Current arch         : x64
2023-09-10T04:07:53: PM2 log: PM2 home             : /home/gms/qr_certs/.pm2
2023-09-10T04:07:53: PM2 log: PM2 PID file         : /home/gms/qr_certs/.pm2/pm2.pid
2023-09-10T04:07:53: PM2 log: RPC socket file      : /home/gms/qr_certs/.pm2/rpc.sock
2023-09-10T04:07:53: PM2 log: BUS socket file      : /home/gms/qr_certs/.pm2/pub.sock
2023-09-10T04:07:53: PM2 log: Application log path : /home/gms/qr_certs/.pm2/logs
2023-09-10T04:07:53: PM2 log: Worker Interval      : 30000
2023-09-10T04:07:53: PM2 log: Process dump file    : /home/gms/qr_certs/.pm2/dump.pm2
2023-09-10T04:07:53: PM2 log: Concurrent actions   : 2
2023-09-10T04:07:53: PM2 log: SIGTERM timeout      : 1600
2023-09-10T04:07:53: PM2 log: ===============================================================================
2024-01-21T04:08:34: PM2 log: [PM2] This PM2 is not UP TO DATE
2024-01-21T04:08:35: PM2 log: [PM2] Upgrade to version 5.3.1
2024-01-22T04:08:34: PM2 log: [PM2] This PM2 is not UP TO DATE
2024-01-22T04:08:34: PM2 log: [PM2] Upgrade to version 5.3.1
2024-01-23T04:08:34: PM2 log: [PM2] This PM2 is not UP TO DATE
2024-01-23T04:08:34: PM2 log: [PM2] Upgrade to version 5.3.1
2024-01-24T04:08:34: PM2 log: [PM2] This PM2 is not UP TO DATE
2024-01-24T04:08:34: PM2 log: [PM2] Upgrade to version 5.3.1
2024-01-25T04:08:34: PM2 log: [PM2] This PM2 is not UP TO DATE
2024-01-25T04:08:34: PM2 log: [PM2] Upgrade to version 5.3.1
2024-01-26T04:08:34: PM2 log: [PM2] This PM2 is not UP TO DATE
2024-01-26T04:08:34: PM2 log: [PM2] Upgrade to version 5.3.1
2024-01-27T04:08:34: PM2 log: [PM2] This PM2 is not UP TO DATE
2024-01-27T04:08:34: PM2 log: [PM2] Upgrade to version 5.3.1
2024-01-28T04:08:34: PM2 log: [PM2] This PM2 is not UP TO DATE
2024-01-28T04:08:34: PM2 log: [PM2] Upgrade to version 5.3.1
2024-01-29T04:08:34: PM2 log: [PM2] This PM2 is not UP TO DATE
2024-01-29T04:08:34: PM2 log: [PM2] Upgrade to version 5.3.1
2024-01-30T04:08:34: PM2 log: [PM2] This PM2 is not UP TO DATE
2024-01-30T04:08:34: PM2 log: [PM2] Upgrade to version 5.3.1
2024-01-31T04:08:34: PM2 log: [PM2] This PM2 is not UP TO DATE
2024-01-31T04:08:34: PM2 log: [PM2] Upgrade to version 5.3.1
2024-02-01T04:08:34: PM2 log: [PM2] This PM2 is not UP TO DATE
2024-02-01T04:08:34: PM2 log: [PM2] Upgrade to version 5.3.1
2024-02-02T04:08:34: PM2 log: [PM2] This PM2 is not UP TO DATE
2024-02-02T04:08:34: PM2 log: [PM2] Upgrade to version 5.3.1
2024-02-03T04:08:34: PM2 log: [PM2] This PM2 is not UP TO DATE
2024-02-03T04:08:34: PM2 log: [PM2] Upgrade to version 5.3.1
2024-02-04T04:08:34: PM2 log: [PM2] This PM2 is not UP TO DATE
2024-02-04T04:08:34: PM2 log: [PM2] Upgrade to version 5.3.1
2024-02-05T04:08:34: PM2 log: [PM2] This PM2 is not UP TO DATE
2024-02-05T04:08:34: PM2 log: [PM2] Upgrade to version 5.3.1
2024-02-06T04:08:34: PM2 log: [PM2] This PM2 is not UP TO DATE
2024-02-06T04:08:34: PM2 log: [PM2] Upgrade to version 5.3.1
2024-02-07T04:08:34: PM2 log: [PM2] This PM2 is not UP TO DATE
2024-02-07T04:08:34: PM2 log: [PM2] Upgrade to version 5.3.1
2024-02-08T04:08:34: PM2 log: [PM2] This PM2 is not UP TO DATE
2024-02-08T04:08:34: PM2 log: [PM2] Upgrade to version 5.3.1
2024-02-09T04:08:34: PM2 log: [PM2] This PM2 is not UP TO DATE
2024-02-09T04:08:34: PM2 log: [PM2] Upgrade to version 5.3.1
2024-02-10T04:08:34: PM2 log: [PM2] This PM2 is not UP TO DATE
2024-02-10T04:08:35: PM2 log: [PM2] Upgrade to version 5.3.1
2024-02-11T04:08:34: PM2 log: [PM2] This PM2 is not UP TO DATE
2024-02-11T04:08:34: PM2 log: [PM2] Upgrade to version 5.3.1
2024-02-12T04:08:34: PM2 log: [PM2] This PM2 is not UP TO DATE
2024-02-12T04:08:34: PM2 log: [PM2] Upgrade to version 5.3.1
2024-02-13T04:08:34: PM2 log: [PM2] This PM2 is not UP TO DATE
2024-02-13T04:08:34: PM2 log: [PM2] Upgrade to version 5.3.1
2024-02-14T04:08:34: PM2 log: [PM2] This PM2 is not UP TO DATE
2024-02-14T04:08:34: PM2 log: [PM2] Upgrade to version 5.3.1
2024-02-15T04:08:34: PM2 log: [PM2] This PM2 is not UP TO DATE
2024-02-15T04:08:34: PM2 log: [PM2] Upgrade to version 5.3.1
2024-02-16T04:08:35: PM2 log: [PM2] This PM2 is not UP TO DATE
2024-02-16T04:08:35: PM2 log: [PM2] Upgrade to version 5.3.1
2024-02-17T04:08:34: PM2 log: [PM2] This PM2 is not UP TO DATE
2024-02-17T04:08:34: PM2 log: [PM2] Upgrade to version 5.3.1
2024-02-18T04:08:34: PM2 log: [PM2] This PM2 is not UP TO DATE
2024-02-18T04:08:34: PM2 log: [PM2] Upgrade to version 5.3.1
2024-02-19T04:08:34: PM2 log: [PM2] This PM2 is not UP TO DATE
2024-02-19T04:08:34: PM2 log: [PM2] Upgrade to version 5.3.1
2024-02-20T04:08:34: PM2 log: [PM2] This PM2 is not UP TO DATE
2024-02-20T04:08:34: PM2 log: [PM2] Upgrade to version 5.3.1
2024-02-21T04:08:34: PM2 log: [PM2] This PM2 is not UP TO DATE
2024-02-21T04:08:35: PM2 log: [PM2] Upgrade to version 5.3.1
2024-02-22T04:08:34: PM2 log: [PM2] This PM2 is not UP TO DATE
2024-02-22T04:08:35: PM2 log: [PM2] Upgrade to version 5.3.1
2024-02-23T04:08:34: PM2 log: [PM2] This PM2 is not UP TO DATE
2024-02-23T04:08:35: PM2 log: [PM2] Upgrade to version 5.3.1
2024-02-24T04:08:34: PM2 log: [PM2] This PM2 is not UP TO DATE
2024-02-24T04:08:34: PM2 log: [PM2] Upgrade to version 5.3.1
2024-02-25T04:08:35: PM2 log: [PM2] This PM2 is not UP TO DATE
2024-02-25T04:08:35: PM2 log: [PM2] Upgrade to version 5.3.1
2024-02-26T04:08:34: PM2 log: [PM2] This PM2 is not UP TO DATE
2024-02-26T04:08:35: PM2 log: [PM2] Upgrade to version 5.3.1
2024-02-27T04:08:35: PM2 log: [PM2] This PM2 is not UP TO DATE
2024-02-27T04:08:35: PM2 log: [PM2] Upgrade to version 5.3.1
2024-02-28T04:08:35: PM2 log: [PM2] This PM2 is not UP TO DATE
2024-02-28T04:08:35: PM2 log: [PM2] Upgrade to version 5.3.1
2024-02-29T04:08:35: PM2 log: [PM2] This PM2 is not UP TO DATE
2024-02-29T04:08:35: PM2 log: [PM2] Upgrade to version 5.3.1
2024-03-01T04:08:34: PM2 log: [PM2] This PM2 is not UP TO DATE
2024-03-01T04:08:34: PM2 log: [PM2] Upgrade to version 5.3.1
2024-03-02T04:08:35: PM2 log: [PM2] This PM2 is not UP TO DATE
2024-03-02T04:08:35: PM2 log: [PM2] Upgrade to version 5.3.1
2024-03-03T04:08:35: PM2 log: [PM2] This PM2 is not UP TO DATE
2024-03-03T04:08:35: PM2 log: [PM2] Upgrade to version 5.3.1
2024-03-04T04:08:35: PM2 log: [PM2] This PM2 is not UP TO DATE
2024-03-04T04:08:35: PM2 log: [PM2] Upgrade to version 5.3.1
2024-03-05T04:08:35: PM2 log: [PM2] This PM2 is not UP TO DATE
2024-03-05T04:08:35: PM2 log: [PM2] Upgrade to version 5.3.1
2024-03-07T04:08:35: PM2 log: [PM2] This PM2 is not UP TO DATE
2024-03-07T04:08:35: PM2 log: [PM2] Upgrade to version 5.3.1
2024-03-08T04:08:35: PM2 log: [PM2] This PM2 is not UP TO DATE
2024-03-08T04:08:35: PM2 log: [PM2] Upgrade to version 5.3.1
2024-03-09T04:08:35: PM2 log: [PM2] This PM2 is not UP TO DATE
2024-03-09T04:08:35: PM2 log: [PM2] Upgrade to version 5.3.1
2024-03-10T04:08:35: PM2 log: [PM2] This PM2 is not UP TO DATE
2024-03-10T04:08:35: PM2 log: [PM2] Upgrade to version 5.3.1
2024-03-11T04:08:35: PM2 log: [PM2] This PM2 is not UP TO DATE
2024-03-11T04:08:35: PM2 log: [PM2] Upgrade to version 5.3.1
2024-03-12T04:08:35: PM2 log: [PM2] This PM2 is not UP TO DATE
2024-03-12T04:08:35: PM2 log: [PM2] Upgrade to version 5.3.1
2024-03-13T04:08:35: PM2 log: [PM2] This PM2 is not UP TO DATE
2024-03-13T04:08:35: PM2 log: [PM2] Upgrade to version 5.3.1
2024-03-14T04:08:35: PM2 log: [PM2] This PM2 is not UP TO DATE
2024-03-14T04:08:35: PM2 log: [PM2] Upgrade to version 5.3.1
2024-03-15T04:08:35: PM2 log: [PM2] This PM2 is not UP TO DATE
2024-03-15T04:08:35: PM2 log: [PM2] Upgrade to version 5.3.1
